<?xml version="1.0" encoding="UTF-8"?>
<!-- Generated by org.testng.reporters.JUnitReportReporter -->
<testsuite hostname="L-INE-CBRCQG3" failures="0" tests="6" name="testRunnerClass.TestRunner" time="57.412" errors="0" timestamp="2025-01-24T14:21:54 IST" skipped="0">
  <testcase classname="testRunnerClass.TestRunner" name="runScenario" time="11.310"/>
  <testcase classname="testRunnerClass.TestRunner" name="runScenario" time="13.263"/>
  <testcase classname="testRunnerClass.TestRunner" name="runScenario" time="5.730"/>
  <testcase classname="testRunnerClass.TestRunner" name="runScenario" time="5.696"/>
  <testcase classname="testRunnerClass.TestRunner" name="runScenario" time="14.628"/>
  <testcase classname="testRunnerClass.TestRunner" name="runScenario" time="6.785"/>
</testsuite> <!-- testRunnerClass.TestRunner -->
