<?xml version="1.0" encoding="UTF-8"?>
<!-- Generated by org.testng.reporters.JUnitReportReporter -->
<testsuite hostname="L-INE-CBRCQG3" failures="0" tests="1" name="testRunnerClass.TestRunner" time="14.517" errors="0" timestamp="2025-01-27T17:14:08 IST" skipped="0">
  <testcase classname="testRunnerClass.TestRunner" name="runScenario" time="14.517"/>
</testsuite> <!-- testRunnerClass.TestRunner -->
